# JRE version: Java(TM) SE Runtime Environment (8.0_112-b15) (build 1.8.0_112-b15)
# Java VM: Java HotSpot(TM) 64-Bit Server VM (25.112-b15 mixed mode windows-amd64 compressed oops)
Heap:
 PSYoungGen      total 59392K, used 20972K [0x00000007bc400000, 0x00000007c0000000, 0x00000007c0000000)
  eden space 57344K, 34% used [0x00000007bc400000,0x00000007bd73e458,0x00000007bfc00000)
  from space 2048K, 61% used [0x00000007bfe00000,0x00000007bff3cbd0,0x00000007c0000000)
  to   space 2048K, 0% used [0x00000007bfc00000,0x00000007bfc00000,0x00000007bfe00000)
 ParOldGen       total 158720K, used 79223K [0x0000000700000000, 0x0000000709b00000, 0x00000007bc400000)
  object space 158720K, 49% used [0x0000000700000000,0x0000000704d5df48,0x0000000709b00000)
 Metaspace       used 73944K, capacity 74731K, committed 75264K, reserved 1114112K
  class space    used 9766K, capacity 9948K, committed 9984K, reserved 1048576K
GC Heap History (10 events):
Event: 7231.603 GC heap before
{Heap before GC invocations=2179 (full 827):
 PSYoungGen      total 59904K, used 59040K [0x00000007bc400000, 0x00000007c0000000, 0x00000007c0000000)
  eden space 58368K, 100% used [0x00000007bc400000,0x00000007bfd00000,0x00000007bfd00000)
  from space 1536K, 43% used [0x00000007bfd00000,0x00000007bfda8000,0x00000007bfe80000)
  to   space 1536K, 0% used [0x00000007bfe80000,0x00000007bfe80000,0x00000007c0000000)
 ParOldGen       total 158720K, used 79223K [0x0000000700000000, 0x0000000709b00000, 0x00000007bc400000)
  object space 158720K, 49% used [0x0000000700000000,0x0000000704d5df48,0x0000000709b00000)
 Metaspace       used 73944K, capacity 74731K, committed 75264K, reserved 1114112K
  class space    used 9766K, capacity 9948K, committed 9984K, reserved 1048576K
Event: 7231.608 GC heap after
Heap after GC invocations=2179 (full 827):
 PSYoungGen      total 59904K, used 1452K [0x00000007bc400000, 0x00000007c0000000, 0x00000007c0000000)
  eden space 58368K, 0% used [0x00000007bc400000,0x00000007bc400000,0x00000007bfd00000)
  from space 1536K, 94% used [0x00000007bfe80000,0x00000007bffeb0f8,0x00000007c0000000)
  to   space 1536K, 0% used [0x00000007bfd00000,0x00000007bfd00000,0x00000007bfe80000)
 ParOldGen       total 158720K, used 79223K [0x0000000700000000, 0x0000000709b00000, 0x00000007bc400000)
  object space 158720K, 49% used [0x0000000700000000,0x0000000704d5df48,0x0000000709b00000)
 Metaspace       used 73944K, capacity 74731K, committed 75264K, reserved 1114112K
  class space    used 9766K, capacity 9948K, committed 9984K, reserved 1048576K
}
Event: 7232.611 GC heap before
{Heap before GC invocations=2180 (full 827):
 PSYoungGen      total 59904K, used 59820K [0x00000007bc400000, 0x00000007c0000000, 0x00000007c0000000)
  eden space 58368K, 100% used [0x00000007bc400000,0x00000007bfd00000,0x00000007bfd00000)
  from space 1536K, 94% used [0x00000007bfe80000,0x00000007bffeb0f8,0x00000007c0000000)
  to   space 1536K, 0% used [0x00000007bfd00000,0x00000007bfd00000,0x00000007bfe80000)
 ParOldGen       total 158720K, used 79223K [0x0000000700000000, 0x0000000709b00000, 0x00000007bc400000)
  object space 158720K, 49% used [0x0000000700000000,0x0000000704d5df48,0x0000000709b00000)
 Metaspace       used 73944K, capacity 74731K, committed 75264K, reserved 1114112K
  class space    used 9766K, capacity 9948K, committed 9984K, reserved 1048576K
Event: 7232.618 GC heap after
Heap after GC invocations=2180 (full 827):
 PSYoungGen      total 59904K, used 1394K [0x00000007bc400000, 0x00000007c0000000, 0x00000007c0000000)
  eden space 58368K, 0% used [0x00000007bc400000,0x00000007bc400000,0x00000007bfd00000)
  from space 1536K, 90% used [0x00000007bfd00000,0x00000007bfe5cbd0,0x00000007bfe80000)
  to   space 1536K, 0% used [0x00000007bfe80000,0x00000007bfe80000,0x00000007c0000000)
 ParOldGen       total 158720K, used 79223K [0x0000000700000000, 0x0000000709b00000, 0x00000007bc400000)
  object space 158720K, 49% used [0x0000000700000000,0x0000000704d5df48,0x0000000709b00000)
 Metaspace       used 73944K, capacity 74731K, committed 75264K, reserved 1114112K
  class space    used 9766K, capacity 9948K, committed 9984K, reserved 1048576K
}
Event: 7232.652 GC heap before
{Heap before GC invocations=2181 (full 827):
 PSYoungGen      total 59904K, used 59762K [0x00000007bc400000, 0x00000007c0000000, 0x00000007c0000000)
  eden space 58368K, 100% used [0x00000007bc400000,0x00000007bfd00000,0x00000007bfd00000)
  from space 1536K, 90% used [0x00000007bfd00000,0x00000007bfe5cbd0,0x00000007bfe80000)
  to   space 1536K, 0% used [0x00000007bfe80000,0x00000007bfe80000,0x00000007c0000000)
 ParOldGen       total 158720K, used 79223K [0x0000000700000000, 0x0000000709b00000, 0x00000007bc400000)
  object space 158720K, 49% used [0x0000000700000000,0x0000000704d5df48,0x0000000709b00000)
 Metaspace       used 73944K, capacity 74731K, committed 75264K, reserved 1114112K
  class space    used 9766K, capacity 9948K, committed 9984K, reserved 1048576K
Event: 7232.657 GC heap after
Heap after GC invocations=2181 (full 827):
 PSYoungGen      total 58880K, used 1266K [0x00000007bc400000, 0x00000007c0000000, 0x00000007c0000000)
  eden space 57344K, 0% used [0x00000007bc400000,0x00000007bc400000,0x00000007bfc00000)
  from space 1536K, 82% used [0x00000007bfe80000,0x00000007bffbcbd0,0x00000007c0000000)
  to   space 2048K, 0% used [0x00000007bfc00000,0x00000007bfc00000,0x00000007bfe00000)
 ParOldGen       total 158720K, used 79223K [0x0000000700000000, 0x0000000709b00000, 0x00000007bc400000)
  object space 158720K, 49% used [0x0000000700000000,0x0000000704d5df48,0x0000000709b00000)
 Metaspace       used 73944K, capacity 74731K, committed 75264K, reserved 1114112K
  class space    used 9766K, capacity 9948K, committed 9984K, reserved 1048576K
}
Event: 7232.691 GC heap before
{Heap before GC invocations=2182 (full 827):
 PSYoungGen      total 58880K, used 58610K [0x00000007bc400000, 0x00000007c0000000, 0x00000007c0000000)
  eden space 57344K, 100% used [0x00000007bc400000,0x00000007bfc00000,0x00000007bfc00000)
  from space 1536K, 82% used [0x00000007bfe80000,0x00000007bffbcbd0,0x00000007c0000000)
  to   space 2048K, 0% used [0x00000007bfc00000,0x00000007bfc00000,0x00000007bfe00000)
 ParOldGen       total 158720K, used 79223K [0x0000000700000000, 0x0000000709b00000, 0x00000007bc400000)
  object space 158720K, 49% used [0x0000000700000000,0x0000000704d5df48,0x0000000709b00000)
 Metaspace       used 73944K, capacity 74731K, committed 75264K, reserved 1114112K
  class space    used 9766K, capacity 9948K, committed 9984K, reserved 1048576K
Event: 7232.697 GC heap after
Heap after GC invocations=2182 (full 827):
 PSYoungGen      total 59392K, used 1266K [0x00000007bc400000, 0x00000007c0000000, 0x00000007c0000000)
  eden space 57344K, 0% used [0x00000007bc400000,0x00000007bc400000,0x00000007bfc00000)
  from space 2048K, 61% used [0x00000007bfc00000,0x00000007bfd3cbd0,0x00000007bfe00000)
  to   space 2048K, 0% used [0x00000007bfe00000,0x00000007bfe00000,0x00000007c0000000)
 ParOldGen       total 158720K, used 79223K [0x0000000700000000, 0x0000000709b00000, 0x00000007bc400000)
  object space 158720K, 49% used [0x0000000700000000,0x0000000704d5df48,0x0000000709b00000)
 Metaspace       used 73944K, capacity 74731K, committed 75264K, reserved 1114112K
  class space    used 9766K, capacity 9948K, committed 9984K, reserved 1048576K
}
Event: 7232.734 GC heap before
{Heap before GC invocations=2183 (full 827):
 PSYoungGen      total 59392K, used 58610K [0x00000007bc400000, 0x00000007c0000000, 0x00000007c0000000)
  eden space 57344K, 100% used [0x00000007bc400000,0x00000007bfc00000,0x00000007bfc00000)
  from space 2048K, 61% used [0x00000007bfc00000,0x00000007bfd3cbd0,0x00000007bfe00000)
  to   space 2048K, 0% used [0x00000007bfe00000,0x00000007bfe00000,0x00000007c0000000)
 ParOldGen       total 158720K, used 79223K [0x0000000700000000, 0x0000000709b00000, 0x00000007bc400000)
  object space 158720K, 49% used [0x0000000700000000,0x0000000704d5df48,0x0000000709b00000)
 Metaspace       used 73944K, capacity 74731K, committed 75264K, reserved 1114112K
  class space    used 9766K, capacity 9948K, committed 9984K, reserved 1048576K
Event: 7232.738 GC heap after
Heap after GC invocations=2183 (full 827):
 PSYoungGen      total 59392K, used 1266K [0x00000007bc400000, 0x00000007c0000000, 0x00000007c0000000)
  eden space 57344K, 0% used [0x00000007bc400000,0x00000007bc400000,0x00000007bfc00000)
  from space 2048K, 61% used [0x00000007bfe00000,0x00000007bff3cbd0,0x00000007c0000000)
  to   space 2048K, 0% used [0x00000007bfc00000,0x00000007bfc00000,0x00000007bfe00000)
 ParOldGen       total 158720K, used 79223K [0x0000000700000000, 0x0000000709b00000, 0x00000007bc400000)
  object space 158720K, 49% used [0x0000000700000000,0x0000000704d5df48,0x0000000709b00000)
 Metaspace       used 73944K, capacity 74731K, committed 75264K, reserved 1114112K
  class space    used 9766K, capacity 9948K, committed 9984K, reserved 1048576K
}

