# JRE version: Java(TM) SE Runtime Environment (8.0_112-b15) (build 1.8.0_112-b15)
# Java VM: Java HotSpot(TM) 64-Bit Server VM (25.112-b15 mixed mode windows-amd64 compressed oops)
Heap:
 PSYoungGen      total 59392K, used 54252K [0x00000007bc400000, 0x00000007c0000000, 0x00000007c0000000)
  eden space 57344K, 92% used [0x00000007bc400000,0x00000007bf813188,0x00000007bfc00000)
  from space 2048K, 45% used [0x00000007bfc00000,0x00000007bfce8000,0x00000007bfe00000)
  to   space 2048K, 0% used [0x00000007bfe00000,0x00000007bfe00000,0x00000007c0000000)
 ParOldGen       total 156160K, used 69757K [0x0000000700000000, 0x0000000709880000, 0x00000007bc400000)
  object space 156160K, 44% used [0x0000000700000000,0x000000070441f4a8,0x0000000709880000)
 Metaspace       used 72533K, capacity 73245K, committed 73856K, reserved 1114112K
  class space    used 9694K, capacity 9849K, committed 9856K, reserved 1048576K
GC Heap History (10 events):
Event: 1435.870 GC heap before
{Heap before GC invocations=428 (full 104):
 PSYoungGen      total 59392K, used 58944K [0x00000007bc400000, 0x00000007c0000000, 0x00000007c0000000)
  eden space 57856K, 100% used [0x00000007bc400000,0x00000007bfc80000,0x00000007bfc80000)
  from space 1536K, 70% used [0x00000007bfd00000,0x00000007bfe10000,0x00000007bfe80000)
  to   space 1536K, 0% used [0x00000007bfe80000,0x00000007bfe80000,0x00000007c0000000)
 ParOldGen       total 156160K, used 69642K [0x0000000700000000, 0x0000000709880000, 0x00000007bc400000)
  object space 156160K, 44% used [0x0000000700000000,0x0000000704402b80,0x0000000709880000)
 Metaspace       used 72490K, capacity 73213K, committed 73856K, reserved 1114112K
  class space    used 9688K, capacity 9817K, committed 9856K, reserved 1048576K
Event: 1435.874 GC heap after
Heap after GC invocations=428 (full 104):
 PSYoungGen      total 58880K, used 1344K [0x00000007bc400000, 0x00000007c0000000, 0x00000007c0000000)
  eden space 57344K, 0% used [0x00000007bc400000,0x00000007bc400000,0x00000007bfc00000)
  from space 1536K, 87% used [0x00000007bfe80000,0x00000007bffd0000,0x00000007c0000000)
  to   space 2048K, 0% used [0x00000007bfc00000,0x00000007bfc00000,0x00000007bfe00000)
 ParOldGen       total 156160K, used 69642K [0x0000000700000000, 0x0000000709880000, 0x00000007bc400000)
  object space 156160K, 44% used [0x0000000700000000,0x0000000704402b80,0x0000000709880000)
 Metaspace       used 72490K, capacity 73213K, committed 73856K, reserved 1114112K
  class space    used 9688K, capacity 9817K, committed 9856K, reserved 1048576K
}
Event: 1438.267 GC heap before
{Heap before GC invocations=429 (full 104):
 PSYoungGen      total 58880K, used 39816K [0x00000007bc400000, 0x00000007c0000000, 0x00000007c0000000)
  eden space 57344K, 67% used [0x00000007bc400000,0x00000007be992380,0x00000007bfc00000)
  from space 1536K, 87% used [0x00000007bfe80000,0x00000007bffd0000,0x00000007c0000000)
  to   space 2048K, 0% used [0x00000007bfc00000,0x00000007bfc00000,0x00000007bfe00000)
 ParOldGen       total 156160K, used 69642K [0x0000000700000000, 0x0000000709880000, 0x00000007bc400000)
  object space 156160K, 44% used [0x0000000700000000,0x0000000704402b80,0x0000000709880000)
 Metaspace       used 72501K, capacity 73213K, committed 73856K, reserved 1114112K
  class space    used 9688K, capacity 9817K, committed 9856K, reserved 1048576K
Event: 1438.271 GC heap after
Heap after GC invocations=429 (full 104):
 PSYoungGen      total 59392K, used 1152K [0x00000007bc400000, 0x00000007c0000000, 0x00000007c0000000)
  eden space 57344K, 0% used [0x00000007bc400000,0x00000007bc400000,0x00000007bfc00000)
  from space 2048K, 56% used [0x00000007bfc00000,0x00000007bfd20000,0x00000007bfe00000)
  to   space 2048K, 0% used [0x00000007bfe00000,0x00000007bfe00000,0x00000007c0000000)
 ParOldGen       total 156160K, used 69642K [0x0000000700000000, 0x0000000709880000, 0x00000007bc400000)
  object space 156160K, 44% used [0x0000000700000000,0x0000000704402b80,0x0000000709880000)
 Metaspace       used 72501K, capacity 73213K, committed 73856K, reserved 1114112K
  class space    used 9688K, capacity 9817K, committed 9856K, reserved 1048576K
}
Event: 1438.271 GC heap before
{Heap before GC invocations=430 (full 105):
 PSYoungGen      total 59392K, used 1152K [0x00000007bc400000, 0x00000007c0000000, 0x00000007c0000000)
  eden space 57344K, 0% used [0x00000007bc400000,0x00000007bc400000,0x00000007bfc00000)
  from space 2048K, 56% used [0x00000007bfc00000,0x00000007bfd20000,0x00000007bfe00000)
  to   space 2048K, 0% used [0x00000007bfe00000,0x00000007bfe00000,0x00000007c0000000)
 ParOldGen       total 156160K, used 69642K [0x0000000700000000, 0x0000000709880000, 0x00000007bc400000)
  object space 156160K, 44% used [0x0000000700000000,0x0000000704402b80,0x0000000709880000)
 Metaspace       used 72501K, capacity 73213K, committed 73856K, reserved 1114112K
  class space    used 9688K, capacity 9817K, committed 9856K, reserved 1048576K
Event: 1438.450 GC heap after
Heap after GC invocations=430 (full 105):
 PSYoungGen      total 59392K, used 0K [0x00000007bc400000, 0x00000007c0000000, 0x00000007c0000000)
  eden space 57344K, 0% used [0x00000007bc400000,0x00000007bc400000,0x00000007bfc00000)
  from space 2048K, 0% used [0x00000007bfc00000,0x00000007bfc00000,0x00000007bfe00000)
  to   space 2048K, 0% used [0x00000007bfe00000,0x00000007bfe00000,0x00000007c0000000)
 ParOldGen       total 156160K, used 69749K [0x0000000700000000, 0x0000000709880000, 0x00000007bc400000)
  object space 156160K, 44% used [0x0000000700000000,0x000000070441d4a8,0x0000000709880000)
 Metaspace       used 72501K, capacity 73213K, committed 73856K, reserved 1114112K
  class space    used 9688K, capacity 9817K, committed 9856K, reserved 1048576K
}
Event: 1453.754 GC heap before
{Heap before GC invocations=431 (full 105):
 PSYoungGen      total 59392K, used 57344K [0x00000007bc400000, 0x00000007c0000000, 0x00000007c0000000)
  eden space 57344K, 100% used [0x00000007bc400000,0x00000007bfc00000,0x00000007bfc00000)
  from space 2048K, 0% used [0x00000007bfc00000,0x00000007bfc00000,0x00000007bfe00000)
  to   space 2048K, 0% used [0x00000007bfe00000,0x00000007bfe00000,0x00000007c0000000)
 ParOldGen       total 156160K, used 69749K [0x0000000700000000, 0x0000000709880000, 0x00000007bc400000)
  object space 156160K, 44% used [0x0000000700000000,0x000000070441d4a8,0x0000000709880000)
 Metaspace       used 72515K, capacity 73213K, committed 73856K, reserved 1114112K
  class space    used 9688K, capacity 9817K, committed 9856K, reserved 1048576K
Event: 1453.758 GC heap after
Heap after GC invocations=431 (full 105):
 PSYoungGen      total 59392K, used 512K [0x00000007bc400000, 0x00000007c0000000, 0x00000007c0000000)
  eden space 57344K, 0% used [0x00000007bc400000,0x00000007bc400000,0x00000007bfc00000)
  from space 2048K, 25% used [0x00000007bfe00000,0x00000007bfe80000,0x00000007c0000000)
  to   space 2048K, 0% used [0x00000007bfc00000,0x00000007bfc00000,0x00000007bfe00000)
 ParOldGen       total 156160K, used 69757K [0x0000000700000000, 0x0000000709880000, 0x00000007bc400000)
  object space 156160K, 44% used [0x0000000700000000,0x000000070441f4a8,0x0000000709880000)
 Metaspace       used 72515K, capacity 73213K, committed 73856K, reserved 1114112K
  class space    used 9688K, capacity 9817K, committed 9856K, reserved 1048576K
}
Event: 1456.560 GC heap before
{Heap before GC invocations=432 (full 105):
 PSYoungGen      total 59392K, used 57856K [0x00000007bc400000, 0x00000007c0000000, 0x00000007c0000000)
  eden space 57344K, 100% used [0x00000007bc400000,0x00000007bfc00000,0x00000007bfc00000)
  from space 2048K, 25% used [0x00000007bfe00000,0x00000007bfe80000,0x00000007c0000000)
  to   space 2048K, 0% used [0x00000007bfc00000,0x00000007bfc00000,0x00000007bfe00000)
 ParOldGen       total 156160K, used 69757K [0x0000000700000000, 0x0000000709880000, 0x00000007bc400000)
  object space 156160K, 44% used [0x0000000700000000,0x000000070441f4a8,0x0000000709880000)
 Metaspace       used 72518K, capacity 73213K, committed 73856K, reserved 1114112K
  class space    used 9688K, capacity 9817K, committed 9856K, reserved 1048576K
Event: 1456.563 GC heap after
Heap after GC invocations=432 (full 105):
 PSYoungGen      total 59392K, used 928K [0x00000007bc400000, 0x00000007c0000000, 0x00000007c0000000)
  eden space 57344K, 0% used [0x00000007bc400000,0x00000007bc400000,0x00000007bfc00000)
  from space 2048K, 45% used [0x00000007bfc00000,0x00000007bfce8000,0x00000007bfe00000)
  to   space 2048K, 0% used [0x00000007bfe00000,0x00000007bfe00000,0x00000007c0000000)
 ParOldGen       total 156160K, used 69757K [0x0000000700000000, 0x0000000709880000, 0x00000007bc400000)
  object space 156160K, 44% used [0x0000000700000000,0x000000070441f4a8,0x0000000709880000)
 Metaspace       used 72518K, capacity 73213K, committed 73856K, reserved 1114112K
  class space    used 9688K, capacity 9817K, committed 9856K, reserved 1048576K
}

