# JRE version: Java(TM) SE Runtime Environment (8.0_112-b15) (build 1.8.0_112-b15)
# Java VM: Java HotSpot(TM) 64-Bit Server VM (25.112-b15 mixed mode windows-amd64 compressed oops)
Heap:
 PSYoungGen      total 58880K, used 10449K [0x00000007bc400000, 0x00000007c0000000, 0x00000007c0000000)
  eden space 56320K, 15% used [0x00000007bc400000,0x00000007bcca48f0,0x00000007bfb00000)
  from space 2560K, 62% used [0x00000007bfd80000,0x00000007bff0fcb0,0x00000007c0000000)
  to   space 2560K, 0% used [0x00000007bfb00000,0x00000007bfb00000,0x00000007bfd80000)
 ParOldGen       total 164352K, used 59920K [0x0000000700000000, 0x000000070a080000, 0x00000007bc400000)
  object space 164352K, 36% used [0x0000000700000000,0x0000000703a842f0,0x000000070a080000)
 Metaspace       used 71086K, capacity 71735K, committed 72192K, reserved 1112064K
  class space    used 9584K, capacity 9704K, committed 9728K, reserved 1048576K
GC Heap History (10 events):
Event: 837.618 GC heap before
{Heap before GC invocations=471 (full 174):
 PSYoungGen      total 58880K, used 55918K [0x00000007bc400000, 0x00000007c0000000, 0x00000007c0000000)
  eden space 56320K, 96% used [0x00000007bc400000,0x00000007bf8fb9f0,0x00000007bfb00000)
  from space 2560K, 65% used [0x00000007bfd80000,0x00000007bff20000,0x00000007c0000000)
  to   space 2560K, 0% used [0x00000007bfb00000,0x00000007bfb00000,0x00000007bfd80000)
 ParOldGen       total 164352K, used 60128K [0x0000000700000000, 0x000000070a080000, 0x00000007bc400000)
  object space 164352K, 36% used [0x0000000700000000,0x0000000703ab8308,0x000000070a080000)
 Metaspace       used 71041K, capacity 71671K, committed 72192K, reserved 1112064K
  class space    used 9584K, capacity 9704K, committed 9728K, reserved 1048576K
Event: 837.622 GC heap after
Heap after GC invocations=471 (full 174):
 PSYoungGen      total 58880K, used 1280K [0x00000007bc400000, 0x00000007c0000000, 0x00000007c0000000)
  eden space 56320K, 0% used [0x00000007bc400000,0x00000007bc400000,0x00000007bfb00000)
  from space 2560K, 50% used [0x00000007bfb00000,0x00000007bfc40000,0x00000007bfd80000)
  to   space 2560K, 0% used [0x00000007bfd80000,0x00000007bfd80000,0x00000007c0000000)
 ParOldGen       total 164352K, used 60128K [0x0000000700000000, 0x000000070a080000, 0x00000007bc400000)
  object space 164352K, 36% used [0x0000000700000000,0x0000000703ab8308,0x000000070a080000)
 Metaspace       used 71041K, capacity 71671K, committed 72192K, reserved 1112064K
  class space    used 9584K, capacity 9704K, committed 9728K, reserved 1048576K
}
Event: 837.622 GC heap before
{Heap before GC invocations=472 (full 175):
 PSYoungGen      total 58880K, used 1280K [0x00000007bc400000, 0x00000007c0000000, 0x00000007c0000000)
  eden space 56320K, 0% used [0x00000007bc400000,0x00000007bc400000,0x00000007bfb00000)
  from space 2560K, 50% used [0x00000007bfb00000,0x00000007bfc40000,0x00000007bfd80000)
  to   space 2560K, 0% used [0x00000007bfd80000,0x00000007bfd80000,0x00000007c0000000)
 ParOldGen       total 164352K, used 60128K [0x0000000700000000, 0x000000070a080000, 0x00000007bc400000)
  object space 164352K, 36% used [0x0000000700000000,0x0000000703ab8308,0x000000070a080000)
 Metaspace       used 71041K, capacity 71671K, committed 72192K, reserved 1112064K
  class space    used 9584K, capacity 9704K, committed 9728K, reserved 1048576K
Event: 837.753 GC heap after
Heap after GC invocations=472 (full 175):
 PSYoungGen      total 58880K, used 0K [0x00000007bc400000, 0x00000007c0000000, 0x00000007c0000000)
  eden space 56320K, 0% used [0x00000007bc400000,0x00000007bc400000,0x00000007bfb00000)
  from space 2560K, 0% used [0x00000007bfb00000,0x00000007bfb00000,0x00000007bfd80000)
  to   space 2560K, 0% used [0x00000007bfd80000,0x00000007bfd80000,0x00000007c0000000)
 ParOldGen       total 164352K, used 59920K [0x0000000700000000, 0x000000070a080000, 0x00000007bc400000)
  object space 164352K, 36% used [0x0000000700000000,0x0000000703a842f0,0x000000070a080000)
 Metaspace       used 71041K, capacity 71671K, committed 72192K, reserved 1112064K
  class space    used 9584K, capacity 9704K, committed 9728K, reserved 1048576K
}
Event: 840.787 GC heap before
{Heap before GC invocations=473 (full 175):
 PSYoungGen      total 58880K, used 56320K [0x00000007bc400000, 0x00000007c0000000, 0x00000007c0000000)
  eden space 56320K, 100% used [0x00000007bc400000,0x00000007bfb00000,0x00000007bfb00000)
  from space 2560K, 0% used [0x00000007bfb00000,0x00000007bfb00000,0x00000007bfd80000)
  to   space 2560K, 0% used [0x00000007bfd80000,0x00000007bfd80000,0x00000007c0000000)
 ParOldGen       total 164352K, used 59920K [0x0000000700000000, 0x000000070a080000, 0x00000007bc400000)
  object space 164352K, 36% used [0x0000000700000000,0x0000000703a842f0,0x000000070a080000)
 Metaspace       used 71059K, capacity 71671K, committed 72192K, reserved 1112064K
  class space    used 9584K, capacity 9704K, committed 9728K, reserved 1048576K
Event: 840.791 GC heap after
Heap after GC invocations=473 (full 175):
 PSYoungGen      total 58880K, used 1152K [0x00000007bc400000, 0x00000007c0000000, 0x00000007c0000000)
  eden space 56320K, 0% used [0x00000007bc400000,0x00000007bc400000,0x00000007bfb00000)
  from space 2560K, 45% used [0x00000007bfd80000,0x00000007bfea0000,0x00000007c0000000)
  to   space 2560K, 0% used [0x00000007bfb00000,0x00000007bfb00000,0x00000007bfd80000)
 ParOldGen       total 164352K, used 59920K [0x0000000700000000, 0x000000070a080000, 0x00000007bc400000)
  object space 164352K, 36% used [0x0000000700000000,0x0000000703a842f0,0x000000070a080000)
 Metaspace       used 71059K, capacity 71671K, committed 72192K, reserved 1112064K
  class space    used 9584K, capacity 9704K, committed 9728K, reserved 1048576K
}
Event: 843.565 GC heap before
{Heap before GC invocations=474 (full 175):
 PSYoungGen      total 58880K, used 57472K [0x00000007bc400000, 0x00000007c0000000, 0x00000007c0000000)
  eden space 56320K, 100% used [0x00000007bc400000,0x00000007bfb00000,0x00000007bfb00000)
  from space 2560K, 45% used [0x00000007bfd80000,0x00000007bfea0000,0x00000007c0000000)
  to   space 2560K, 0% used [0x00000007bfb00000,0x00000007bfb00000,0x00000007bfd80000)
 ParOldGen       total 164352K, used 59920K [0x0000000700000000, 0x000000070a080000, 0x00000007bc400000)
  object space 164352K, 36% used [0x0000000700000000,0x0000000703a842f0,0x000000070a080000)
 Metaspace       used 71063K, capacity 71671K, committed 72192K, reserved 1112064K
  class space    used 9584K, capacity 9704K, committed 9728K, reserved 1048576K
Event: 843.571 GC heap after
Heap after GC invocations=474 (full 175):
 PSYoungGen      total 58880K, used 1184K [0x00000007bc400000, 0x00000007c0000000, 0x00000007c0000000)
  eden space 56320K, 0% used [0x00000007bc400000,0x00000007bc400000,0x00000007bfb00000)
  from space 2560K, 46% used [0x00000007bfb00000,0x00000007bfc28000,0x00000007bfd80000)
  to   space 2560K, 0% used [0x00000007bfd80000,0x00000007bfd80000,0x00000007c0000000)
 ParOldGen       total 164352K, used 59920K [0x0000000700000000, 0x000000070a080000, 0x00000007bc400000)
  object space 164352K, 36% used [0x0000000700000000,0x0000000703a842f0,0x000000070a080000)
 Metaspace       used 71063K, capacity 71671K, committed 72192K, reserved 1112064K
  class space    used 9584K, capacity 9704K, committed 9728K, reserved 1048576K
}
Event: 845.776 GC heap before
{Heap before GC invocations=475 (full 175):
 PSYoungGen      total 58880K, used 57504K [0x00000007bc400000, 0x00000007c0000000, 0x00000007c0000000)
  eden space 56320K, 100% used [0x00000007bc400000,0x00000007bfb00000,0x00000007bfb00000)
  from space 2560K, 46% used [0x00000007bfb00000,0x00000007bfc28000,0x00000007bfd80000)
  to   space 2560K, 0% used [0x00000007bfd80000,0x00000007bfd80000,0x00000007c0000000)
 ParOldGen       total 164352K, used 59920K [0x0000000700000000, 0x000000070a080000, 0x00000007bc400000)
  object space 164352K, 36% used [0x0000000700000000,0x0000000703a842f0,0x000000070a080000)
 Metaspace       used 71071K, capacity 71671K, committed 72192K, reserved 1112064K
  class space    used 9584K, capacity 9704K, committed 9728K, reserved 1048576K
Event: 845.780 GC heap after
Heap after GC invocations=475 (full 175):
 PSYoungGen      total 58880K, used 1599K [0x00000007bc400000, 0x00000007c0000000, 0x00000007c0000000)
  eden space 56320K, 0% used [0x00000007bc400000,0x00000007bc400000,0x00000007bfb00000)
  from space 2560K, 62% used [0x00000007bfd80000,0x00000007bff0fcb0,0x00000007c0000000)
  to   space 2560K, 0% used [0x00000007bfb00000,0x00000007bfb00000,0x00000007bfd80000)
 ParOldGen       total 164352K, used 59920K [0x0000000700000000, 0x000000070a080000, 0x00000007bc400000)
  object space 164352K, 36% used [0x0000000700000000,0x0000000703a842f0,0x000000070a080000)
 Metaspace       used 71071K, capacity 71671K, committed 72192K, reserved 1112064K
  class space    used 9584K, capacity 9704K, committed 9728K, reserved 1048576K
}

