# JRE version: Java(TM) SE Runtime Environment (8.0_112-b15) (build 1.8.0_112-b15)
# Java VM: Java HotSpot(TM) 64-Bit Server VM (25.112-b15 mixed mode windows-amd64 compressed oops)
Heap:
 PSYoungGen      total 51712K, used 43693K [0x00000007bc400000, 0x00000007c0000000, 0x00000007c0000000)
  eden space 41984K, 98% used [0x00000007bc400000,0x00000007bec3de00,0x00000007bed00000)
  from space 9728K, 25% used [0x00000007bed00000,0x00000007bef6d750,0x00000007bf680000)
  to   space 9728K, 0% used [0x00000007bf680000,0x00000007bf680000,0x00000007c0000000)
 ParOldGen       total 153600K, used 62678K [0x0000000700000000, 0x0000000709600000, 0x00000007bc400000)
  object space 153600K, 40% used [0x0000000700000000,0x0000000703d35968,0x0000000709600000)
 Metaspace       used 70235K, capacity 70873K, committed 71552K, reserved 1112064K
  class space    used 9608K, capacity 9731K, committed 9856K, reserved 1048576K
GC Heap History (10 events):
Event: 753.453 GC heap before
{Heap before GC invocations=132 (full 7):
 PSYoungGen      total 51712K, used 50341K [0x00000007bc400000, 0x00000007c0000000, 0x00000007c0000000)
  eden space 43008K, 100% used [0x00000007bc400000,0x00000007bee00000,0x00000007bee00000)
  from space 8704K, 84% used [0x00000007bf780000,0x00000007bfea9680,0x00000007c0000000)
  to   space 9216K, 0% used [0x00000007bee00000,0x00000007bee00000,0x00000007bf700000)
 ParOldGen       total 153600K, used 59293K [0x0000000700000000, 0x0000000709600000, 0x00000007bc400000)
  object space 153600K, 38% used [0x0000000700000000,0x00000007039e7640,0x0000000709600000)
 Metaspace       used 70110K, capacity 70745K, committed 71296K, reserved 1110016K
  class space    used 9600K, capacity 9731K, committed 9856K, reserved 1048576K
Event: 753.458 GC heap after
Heap after GC invocations=132 (full 7):
 PSYoungGen      total 50688K, used 8164K [0x00000007bc400000, 0x00000007c0000000, 0x00000007c0000000)
  eden space 42496K, 0% used [0x00000007bc400000,0x00000007bc400000,0x00000007bed80000)
  from space 8192K, 99% used [0x00000007bee00000,0x00000007bf5f9148,0x00000007bf600000)
  to   space 9728K, 0% used [0x00000007bf680000,0x00000007bf680000,0x00000007c0000000)
 ParOldGen       total 153600K, used 59293K [0x0000000700000000, 0x0000000709600000, 0x00000007bc400000)
  object space 153600K, 38% used [0x0000000700000000,0x00000007039e7640,0x0000000709600000)
 Metaspace       used 70110K, capacity 70745K, committed 71296K, reserved 1110016K
  class space    used 9600K, capacity 9731K, committed 9856K, reserved 1048576K
}
Event: 768.852 GC heap before
{Heap before GC invocations=133 (full 7):
 PSYoungGen      total 50688K, used 50660K [0x00000007bc400000, 0x00000007c0000000, 0x00000007c0000000)
  eden space 42496K, 100% used [0x00000007bc400000,0x00000007bed80000,0x00000007bed80000)
  from space 8192K, 99% used [0x00000007bee00000,0x00000007bf5f9148,0x00000007bf600000)
  to   space 9728K, 0% used [0x00000007bf680000,0x00000007bf680000,0x00000007c0000000)
 ParOldGen       total 153600K, used 59293K [0x0000000700000000, 0x0000000709600000, 0x00000007bc400000)
  object space 153600K, 38% used [0x0000000700000000,0x00000007039e7640,0x0000000709600000)
 Metaspace       used 70139K, capacity 70809K, committed 71552K, reserved 1112064K
  class space    used 9600K, capacity 9731K, committed 9856K, reserved 1048576K
Event: 768.857 GC heap after
Heap after GC invocations=133 (full 7):
 PSYoungGen      total 51712K, used 5047K [0x00000007bc400000, 0x00000007c0000000, 0x00000007c0000000)
  eden space 41984K, 0% used [0x00000007bc400000,0x00000007bc400000,0x00000007bed00000)
  from space 9728K, 51% used [0x00000007bf680000,0x00000007bfb6dfc8,0x00000007c0000000)
  to   space 9728K, 0% used [0x00000007bed00000,0x00000007bed00000,0x00000007bf680000)
 ParOldGen       total 153600K, used 59293K [0x0000000700000000, 0x0000000709600000, 0x00000007bc400000)
  object space 153600K, 38% used [0x0000000700000000,0x00000007039e7640,0x0000000709600000)
 Metaspace       used 70139K, capacity 70809K, committed 71552K, reserved 1112064K
  class space    used 9600K, capacity 9731K, committed 9856K, reserved 1048576K
}
Event: 792.122 GC heap before
{Heap before GC invocations=134 (full 7):
 PSYoungGen      total 51712K, used 47031K [0x00000007bc400000, 0x00000007c0000000, 0x00000007c0000000)
  eden space 41984K, 100% used [0x00000007bc400000,0x00000007bed00000,0x00000007bed00000)
  from space 9728K, 51% used [0x00000007bf680000,0x00000007bfb6dfc8,0x00000007c0000000)
  to   space 9728K, 0% used [0x00000007bed00000,0x00000007bed00000,0x00000007bf680000)
 ParOldGen       total 153600K, used 59293K [0x0000000700000000, 0x0000000709600000, 0x00000007bc400000)
  object space 153600K, 38% used [0x0000000700000000,0x00000007039e7640,0x0000000709600000)
 Metaspace       used 70189K, capacity 70809K, committed 71552K, reserved 1112064K
  class space    used 9600K, capacity 9731K, committed 9856K, reserved 1048576K
Event: 792.127 GC heap after
Heap after GC invocations=134 (full 7):
 PSYoungGen      total 51712K, used 6393K [0x00000007bc400000, 0x00000007c0000000, 0x00000007c0000000)
  eden space 41984K, 0% used [0x00000007bc400000,0x00000007bc400000,0x00000007bed00000)
  from space 9728K, 65% used [0x00000007bed00000,0x00000007bf33e720,0x00000007bf680000)
  to   space 9728K, 0% used [0x00000007bf680000,0x00000007bf680000,0x00000007c0000000)
 ParOldGen       total 153600K, used 61391K [0x0000000700000000, 0x0000000709600000, 0x00000007bc400000)
  object space 153600K, 39% used [0x0000000700000000,0x0000000703bf3c40,0x0000000709600000)
 Metaspace       used 70189K, capacity 70809K, committed 71552K, reserved 1112064K
  class space    used 9600K, capacity 9731K, committed 9856K, reserved 1048576K
}
Event: 798.121 GC heap before
{Heap before GC invocations=135 (full 7):
 PSYoungGen      total 51712K, used 48377K [0x00000007bc400000, 0x00000007c0000000, 0x00000007c0000000)
  eden space 41984K, 100% used [0x00000007bc400000,0x00000007bed00000,0x00000007bed00000)
  from space 9728K, 65% used [0x00000007bed00000,0x00000007bf33e720,0x00000007bf680000)
  to   space 9728K, 0% used [0x00000007bf680000,0x00000007bf680000,0x00000007c0000000)
 ParOldGen       total 153600K, used 61391K [0x0000000700000000, 0x0000000709600000, 0x00000007bc400000)
  object space 153600K, 39% used [0x0000000700000000,0x0000000703bf3c40,0x0000000709600000)
 Metaspace       used 70204K, capacity 70809K, committed 71552K, reserved 1112064K
  class space    used 9601K, capacity 9731K, committed 9856K, reserved 1048576K
Event: 798.126 GC heap after
Heap after GC invocations=135 (full 7):
 PSYoungGen      total 51712K, used 2517K [0x00000007bc400000, 0x00000007c0000000, 0x00000007c0000000)
  eden space 41984K, 0% used [0x00000007bc400000,0x00000007bc400000,0x00000007bed00000)
  from space 9728K, 25% used [0x00000007bf680000,0x00000007bf8f5750,0x00000007c0000000)
  to   space 9728K, 0% used [0x00000007bed00000,0x00000007bed00000,0x00000007bf680000)
 ParOldGen       total 153600K, used 62614K [0x0000000700000000, 0x0000000709600000, 0x00000007bc400000)
  object space 153600K, 40% used [0x0000000700000000,0x0000000703d25968,0x0000000709600000)
 Metaspace       used 70204K, capacity 70809K, committed 71552K, reserved 1112064K
  class space    used 9601K, capacity 9731K, committed 9856K, reserved 1048576K
}
Event: 798.482 GC heap before
{Heap before GC invocations=136 (full 7):
 PSYoungGen      total 51712K, used 44501K [0x00000007bc400000, 0x00000007c0000000, 0x00000007c0000000)
  eden space 41984K, 100% used [0x00000007bc400000,0x00000007bed00000,0x00000007bed00000)
  from space 9728K, 25% used [0x00000007bf680000,0x00000007bf8f5750,0x00000007c0000000)
  to   space 9728K, 0% used [0x00000007bed00000,0x00000007bed00000,0x00000007bf680000)
 ParOldGen       total 153600K, used 62614K [0x0000000700000000, 0x0000000709600000, 0x00000007bc400000)
  object space 153600K, 40% used [0x0000000700000000,0x0000000703d25968,0x0000000709600000)
 Metaspace       used 70212K, capacity 70809K, committed 71552K, reserved 1112064K
  class space    used 9601K, capacity 9731K, committed 9856K, reserved 1048576K
Event: 798.487 GC heap after
Heap after GC invocations=136 (full 7):
 PSYoungGen      total 51712K, used 2485K [0x00000007bc400000, 0x00000007c0000000, 0x00000007c0000000)
  eden space 41984K, 0% used [0x00000007bc400000,0x00000007bc400000,0x00000007bed00000)
  from space 9728K, 25% used [0x00000007bed00000,0x00000007bef6d750,0x00000007bf680000)
  to   space 9728K, 0% used [0x00000007bf680000,0x00000007bf680000,0x00000007c0000000)
 ParOldGen       total 153600K, used 62678K [0x0000000700000000, 0x0000000709600000, 0x00000007bc400000)
  object space 153600K, 40% used [0x0000000700000000,0x0000000703d35968,0x0000000709600000)
 Metaspace       used 70212K, capacity 70809K, committed 71552K, reserved 1112064K
  class space    used 9601K, capacity 9731K, committed 9856K, reserved 1048576K
}

