# JRE version: Java(TM) SE Runtime Environment (8.0_112-b15) (build 1.8.0_112-b15)
# Java VM: Java HotSpot(TM) 64-Bit Server VM (25.112-b15 mixed mode windows-amd64 compressed oops)
Heap:
 PSYoungGen      total 53760K, used 27683K [0x00000007bc400000, 0x00000007c0000000, 0x00000007c0000000)
  eden space 46080K, 55% used [0x00000007bc400000,0x00000007bdce4688,0x00000007bf100000)
  from space 7680K, 28% used [0x00000007bf880000,0x00000007bfaa48d8,0x00000007c0000000)
  to   space 7680K, 0% used [0x00000007bf100000,0x00000007bf100000,0x00000007bf880000)
 ParOldGen       total 275968K, used 127573K [0x0000000700000000, 0x0000000710d80000, 0x00000007bc400000)
  object space 275968K, 46% used [0x0000000700000000,0x0000000707c957c8,0x0000000710d80000)
 Metaspace       used 79840K, capacity 80683K, committed 81152K, reserved 1118208K
  class space    used 11326K, capacity 11488K, committed 11520K, reserved 1048576K
GC Heap History (10 events):
Event: 2853.964 GC heap before
{Heap before GC invocations=876 (full 236):
 PSYoungGen      total 51200K, used 43652K [0x00000007bc400000, 0x00000007c0000000, 0x00000007c0000000)
  eden space 41472K, 100% used [0x00000007bc400000,0x00000007bec80000,0x00000007bec80000)
  from space 9728K, 22% used [0x00000007bec80000,0x00000007beea10a8,0x00000007bf600000)
  to   space 9216K, 0% used [0x00000007bf700000,0x00000007bf700000,0x00000007c0000000)
 ParOldGen       total 275968K, used 127573K [0x0000000700000000, 0x0000000710d80000, 0x00000007bc400000)
  object space 275968K, 46% used [0x0000000700000000,0x0000000707c95778,0x0000000710d80000)
 Metaspace       used 79826K, capacity 80619K, committed 81152K, reserved 1118208K
  class space    used 11326K, capacity 11488K, committed 11520K, reserved 1048576K
Event: 2853.969 GC heap after
Heap after GC invocations=876 (full 236):
 PSYoungGen      total 52736K, used 2244K [0x00000007bc400000, 0x00000007c0000000, 0x00000007c0000000)
  eden space 43520K, 0% used [0x00000007bc400000,0x00000007bc400000,0x00000007bee80000)
  from space 9216K, 24% used [0x00000007bf700000,0x00000007bf9310a8,0x00000007c0000000)
  to   space 8704K, 0% used [0x00000007bee80000,0x00000007bee80000,0x00000007bf700000)
 ParOldGen       total 275968K, used 127573K [0x0000000700000000, 0x0000000710d80000, 0x00000007bc400000)
  object space 275968K, 46% used [0x0000000700000000,0x0000000707c95778,0x0000000710d80000)
 Metaspace       used 79826K, capacity 80619K, committed 81152K, reserved 1118208K
  class space    used 11326K, capacity 11488K, committed 11520K, reserved 1048576K
}
Event: 2863.557 GC heap before
{Heap before GC invocations=877 (full 236):
 PSYoungGen      total 52736K, used 45764K [0x00000007bc400000, 0x00000007c0000000, 0x00000007c0000000)
  eden space 43520K, 100% used [0x00000007bc400000,0x00000007bee80000,0x00000007bee80000)
  from space 9216K, 24% used [0x00000007bf700000,0x00000007bf9310a8,0x00000007c0000000)
  to   space 8704K, 0% used [0x00000007bee80000,0x00000007bee80000,0x00000007bf700000)
 ParOldGen       total 275968K, used 127573K [0x0000000700000000, 0x0000000710d80000, 0x00000007bc400000)
  object space 275968K, 46% used [0x0000000700000000,0x0000000707c95778,0x0000000710d80000)
 Metaspace       used 79828K, capacity 80619K, committed 81152K, reserved 1118208K
  class space    used 11326K, capacity 11488K, committed 11520K, reserved 1048576K
Event: 2863.571 GC heap after
Heap after GC invocations=877 (full 236):
 PSYoungGen      total 52224K, used 2116K [0x00000007bc400000, 0x00000007c0000000, 0x00000007c0000000)
  eden space 43520K, 0% used [0x00000007bc400000,0x00000007bc400000,0x00000007bee80000)
  from space 8704K, 24% used [0x00000007bee80000,0x00000007bf091090,0x00000007bf700000)
  to   space 8704K, 0% used [0x00000007bf780000,0x00000007bf780000,0x00000007c0000000)
 ParOldGen       total 275968K, used 127573K [0x0000000700000000, 0x0000000710d80000, 0x00000007bc400000)
  object space 275968K, 46% used [0x0000000700000000,0x0000000707c95778,0x0000000710d80000)
 Metaspace       used 79828K, capacity 80619K, committed 81152K, reserved 1118208K
  class space    used 11326K, capacity 11488K, committed 11520K, reserved 1048576K
}
Event: 2865.279 GC heap before
{Heap before GC invocations=878 (full 236):
 PSYoungGen      total 52224K, used 45636K [0x00000007bc400000, 0x00000007c0000000, 0x00000007c0000000)
  eden space 43520K, 100% used [0x00000007bc400000,0x00000007bee80000,0x00000007bee80000)
  from space 8704K, 24% used [0x00000007bee80000,0x00000007bf091090,0x00000007bf700000)
  to   space 8704K, 0% used [0x00000007bf780000,0x00000007bf780000,0x00000007c0000000)
 ParOldGen       total 275968K, used 127573K [0x0000000700000000, 0x0000000710d80000, 0x00000007bc400000)
  object space 275968K, 46% used [0x0000000700000000,0x0000000707c95778,0x0000000710d80000)
 Metaspace       used 79828K, capacity 80619K, committed 81152K, reserved 1118208K
  class space    used 11326K, capacity 11488K, committed 11520K, reserved 1048576K
Event: 2865.286 GC heap after
Heap after GC invocations=878 (full 236):
 PSYoungGen      total 53248K, used 2066K [0x00000007bc400000, 0x00000007c0000000, 0x00000007c0000000)
  eden space 44544K, 0% used [0x00000007bc400000,0x00000007bc400000,0x00000007bef80000)
  from space 8704K, 23% used [0x00000007bf780000,0x00000007bf9848d8,0x00000007c0000000)
  to   space 8192K, 0% used [0x00000007bef80000,0x00000007bef80000,0x00000007bf780000)
 ParOldGen       total 275968K, used 127573K [0x0000000700000000, 0x0000000710d80000, 0x00000007bc400000)
  object space 275968K, 46% used [0x0000000700000000,0x0000000707c95778,0x0000000710d80000)
 Metaspace       used 79828K, capacity 80619K, committed 81152K, reserved 1118208K
  class space    used 11326K, capacity 11488K, committed 11520K, reserved 1048576K
}
Event: 2869.575 GC heap before
{Heap before GC invocations=879 (full 236):
 PSYoungGen      total 53248K, used 46610K [0x00000007bc400000, 0x00000007c0000000, 0x00000007c0000000)
  eden space 44544K, 100% used [0x00000007bc400000,0x00000007bef80000,0x00000007bef80000)
  from space 8704K, 23% used [0x00000007bf780000,0x00000007bf9848d8,0x00000007c0000000)
  to   space 8192K, 0% used [0x00000007bef80000,0x00000007bef80000,0x00000007bf780000)
 ParOldGen       total 275968K, used 127573K [0x0000000700000000, 0x0000000710d80000, 0x00000007bc400000)
  object space 275968K, 46% used [0x0000000700000000,0x0000000707c95778,0x0000000710d80000)
 Metaspace       used 79828K, capacity 80619K, committed 81152K, reserved 1118208K
  class space    used 11326K, capacity 11488K, committed 11520K, reserved 1048576K
Event: 2869.582 GC heap after
Heap after GC invocations=879 (full 236):
 PSYoungGen      total 52736K, used 2084K [0x00000007bc400000, 0x00000007c0000000, 0x00000007c0000000)
  eden space 44544K, 0% used [0x00000007bc400000,0x00000007bc400000,0x00000007bef80000)
  from space 8192K, 25% used [0x00000007bef80000,0x00000007bf189090,0x00000007bf780000)
  to   space 7680K, 0% used [0x00000007bf880000,0x00000007bf880000,0x00000007c0000000)
 ParOldGen       total 275968K, used 127573K [0x0000000700000000, 0x0000000710d80000, 0x00000007bc400000)
  object space 275968K, 46% used [0x0000000700000000,0x0000000707c95778,0x0000000710d80000)
 Metaspace       used 79828K, capacity 80619K, committed 81152K, reserved 1118208K
  class space    used 11326K, capacity 11488K, committed 11520K, reserved 1048576K
}
Event: 2875.236 GC heap before
{Heap before GC invocations=880 (full 236):
 PSYoungGen      total 52736K, used 46628K [0x00000007bc400000, 0x00000007c0000000, 0x00000007c0000000)
  eden space 44544K, 100% used [0x00000007bc400000,0x00000007bef80000,0x00000007bef80000)
  from space 8192K, 25% used [0x00000007bef80000,0x00000007bf189090,0x00000007bf780000)
  to   space 7680K, 0% used [0x00000007bf880000,0x00000007bf880000,0x00000007c0000000)
 ParOldGen       total 275968K, used 127573K [0x0000000700000000, 0x0000000710d80000, 0x00000007bc400000)
  object space 275968K, 46% used [0x0000000700000000,0x0000000707c957c8,0x0000000710d80000)
 Metaspace       used 79839K, capacity 80683K, committed 81152K, reserved 1118208K
  class space    used 11326K, capacity 11488K, committed 11520K, reserved 1048576K
Event: 2875.241 GC heap after
Heap after GC invocations=880 (full 236):
 PSYoungGen      total 53760K, used 2194K [0x00000007bc400000, 0x00000007c0000000, 0x00000007c0000000)
  eden space 46080K, 0% used [0x00000007bc400000,0x00000007bc400000,0x00000007bf100000)
  from space 7680K, 28% used [0x00000007bf880000,0x00000007bfaa48d8,0x00000007c0000000)
  to   space 7680K, 0% used [0x00000007bf100000,0x00000007bf100000,0x00000007bf880000)
 ParOldGen       total 275968K, used 127573K [0x0000000700000000, 0x0000000710d80000, 0x00000007bc400000)
  object space 275968K, 46% used [0x0000000700000000,0x0000000707c957c8,0x0000000710d80000)
 Metaspace       used 79839K, capacity 80683K, committed 81152K, reserved 1118208K
  class space    used 11326K, capacity 11488K, committed 11520K, reserved 1048576K
}

