# JRE version: Java(TM) SE Runtime Environment (8.0_112-b15) (build 1.8.0_112-b15)
# Java VM: Java HotSpot(TM) 64-Bit Server VM (25.112-b15 mixed mode windows-amd64 compressed oops)
Heap:
 PSYoungGen      total 55296K, used 11645K [0x00000007bc400000, 0x00000007c0000000, 0x00000007c0000000)
  eden space 48640K, 16% used [0x00000007bc400000,0x00000007bcc127b0,0x00000007bf380000)
  from space 6656K, 50% used [0x00000007bf980000,0x00000007bfccce50,0x00000007c0000000)
  to   space 6144K, 0% used [0x00000007bf380000,0x00000007bf380000,0x00000007bf980000)
 ParOldGen       total 275456K, used 128569K [0x0000000700000000, 0x0000000710d00000, 0x00000007bc400000)
  object space 275456K, 46% used [0x0000000700000000,0x0000000707d8e458,0x0000000710d00000)
 Metaspace       used 76738K, capacity 77449K, committed 77952K, reserved 1116160K
  class space    used 10207K, capacity 10339K, committed 10368K, reserved 1048576K
GC Heap History (10 events):
Event: 4117.916 GC heap before
{Heap before GC invocations=693 (full 55):
 PSYoungGen      total 53248K, used 47964K [0x00000007bc400000, 0x00000007c0000000, 0x00000007c0000000)
  eden space 45056K, 100% used [0x00000007bc400000,0x00000007bf000000,0x00000007bf000000)
  from space 8192K, 35% used [0x00000007bf000000,0x00000007bf2d73a8,0x00000007bf800000)
  to   space 7680K, 0% used [0x00000007bf880000,0x00000007bf880000,0x00000007c0000000)
 ParOldGen       total 275456K, used 128561K [0x0000000700000000, 0x0000000710d00000, 0x00000007bc400000)
  object space 275456K, 46% used [0x0000000700000000,0x0000000707d8c458,0x0000000710d00000)
 Metaspace       used 76729K, capacity 77449K, committed 77952K, reserved 1116160K
  class space    used 10207K, capacity 10339K, committed 10368K, reserved 1048576K
Event: 4117.922 GC heap after
Heap after GC invocations=693 (full 55):
 PSYoungGen      total 54272K, used 3068K [0x00000007bc400000, 0x00000007c0000000, 0x00000007c0000000)
  eden space 46592K, 0% used [0x00000007bc400000,0x00000007bc400000,0x00000007bf180000)
  from space 7680K, 39% used [0x00000007bf880000,0x00000007bfb7f3c0,0x00000007c0000000)
  to   space 7168K, 0% used [0x00000007bf180000,0x00000007bf180000,0x00000007bf880000)
 ParOldGen       total 275456K, used 128561K [0x0000000700000000, 0x0000000710d00000, 0x00000007bc400000)
  object space 275456K, 46% used [0x0000000700000000,0x0000000707d8c458,0x0000000710d00000)
 Metaspace       used 76729K, capacity 77449K, committed 77952K, reserved 1116160K
  class space    used 10207K, capacity 10339K, committed 10368K, reserved 1048576K
}
Event: 4122.721 GC heap before
{Heap before GC invocations=694 (full 55):
 PSYoungGen      total 54272K, used 49660K [0x00000007bc400000, 0x00000007c0000000, 0x00000007c0000000)
  eden space 46592K, 100% used [0x00000007bc400000,0x00000007bf180000,0x00000007bf180000)
  from space 7680K, 39% used [0x00000007bf880000,0x00000007bfb7f3c0,0x00000007c0000000)
  to   space 7168K, 0% used [0x00000007bf180000,0x00000007bf180000,0x00000007bf880000)
 ParOldGen       total 275456K, used 128561K [0x0000000700000000, 0x0000000710d00000, 0x00000007bc400000)
  object space 275456K, 46% used [0x0000000700000000,0x0000000707d8c458,0x0000000710d00000)
 Metaspace       used 76731K, capacity 77449K, committed 77952K, reserved 1116160K
  class space    used 10207K, capacity 10339K, committed 10368K, reserved 1048576K
Event: 4122.726 GC heap after
Heap after GC invocations=694 (full 55):
 PSYoungGen      total 53760K, used 3068K [0x00000007bc400000, 0x00000007c0000000, 0x00000007c0000000)
  eden space 46592K, 0% used [0x00000007bc400000,0x00000007bc400000,0x00000007bf180000)
  from space 7168K, 42% used [0x00000007bf180000,0x00000007bf47f3a8,0x00000007bf880000)
  to   space 7168K, 0% used [0x00000007bf900000,0x00000007bf900000,0x00000007c0000000)
 ParOldGen       total 275456K, used 128561K [0x0000000700000000, 0x0000000710d00000, 0x00000007bc400000)
  object space 275456K, 46% used [0x0000000700000000,0x0000000707d8c458,0x0000000710d00000)
 Metaspace       used 76731K, capacity 77449K, committed 77952K, reserved 1116160K
  class space    used 10207K, capacity 10339K, committed 10368K, reserved 1048576K
}
Event: 4127.887 GC heap before
{Heap before GC invocations=695 (full 55):
 PSYoungGen      total 53760K, used 49660K [0x00000007bc400000, 0x00000007c0000000, 0x00000007c0000000)
  eden space 46592K, 100% used [0x00000007bc400000,0x00000007bf180000,0x00000007bf180000)
  from space 7168K, 42% used [0x00000007bf180000,0x00000007bf47f3a8,0x00000007bf880000)
  to   space 7168K, 0% used [0x00000007bf900000,0x00000007bf900000,0x00000007c0000000)
 ParOldGen       total 275456K, used 128561K [0x0000000700000000, 0x0000000710d00000, 0x00000007bc400000)
  object space 275456K, 46% used [0x0000000700000000,0x0000000707d8c458,0x0000000710d00000)
 Metaspace       used 76731K, capacity 77449K, committed 77952K, reserved 1116160K
  class space    used 10207K, capacity 10339K, committed 10368K, reserved 1048576K
Event: 4127.901 GC heap after
Heap after GC invocations=695 (full 55):
 PSYoungGen      total 54784K, used 3132K [0x00000007bc400000, 0x00000007c0000000, 0x00000007c0000000)
  eden space 47616K, 0% used [0x00000007bc400000,0x00000007bc400000,0x00000007bf280000)
  from space 7168K, 43% used [0x00000007bf900000,0x00000007bfc0f3a8,0x00000007c0000000)
  to   space 6656K, 0% used [0x00000007bf280000,0x00000007bf280000,0x00000007bf900000)
 ParOldGen       total 275456K, used 128561K [0x0000000700000000, 0x0000000710d00000, 0x00000007bc400000)
  object space 275456K, 46% used [0x0000000700000000,0x0000000707d8c458,0x0000000710d00000)
 Metaspace       used 76731K, capacity 77449K, committed 77952K, reserved 1116160K
  class space    used 10207K, capacity 10339K, committed 10368K, reserved 1048576K
}
Event: 4128.528 GC heap before
{Heap before GC invocations=696 (full 55):
 PSYoungGen      total 54784K, used 50748K [0x00000007bc400000, 0x00000007c0000000, 0x00000007c0000000)
  eden space 47616K, 100% used [0x00000007bc400000,0x00000007bf280000,0x00000007bf280000)
  from space 7168K, 43% used [0x00000007bf900000,0x00000007bfc0f3a8,0x00000007c0000000)
  to   space 6656K, 0% used [0x00000007bf280000,0x00000007bf280000,0x00000007bf900000)
 ParOldGen       total 275456K, used 128561K [0x0000000700000000, 0x0000000710d00000, 0x00000007bc400000)
  object space 275456K, 46% used [0x0000000700000000,0x0000000707d8c458,0x0000000710d00000)
 Metaspace       used 76732K, capacity 77449K, committed 77952K, reserved 1116160K
  class space    used 10207K, capacity 10339K, committed 10368K, reserved 1048576K
Event: 4128.533 GC heap after
Heap after GC invocations=696 (full 55):
 PSYoungGen      total 54272K, used 2894K [0x00000007bc400000, 0x00000007c0000000, 0x00000007c0000000)
  eden space 47616K, 0% used [0x00000007bc400000,0x00000007bc400000,0x00000007bf280000)
  from space 6656K, 43% used [0x00000007bf280000,0x00000007bf553b78,0x00000007bf900000)
  to   space 6656K, 0% used [0x00000007bf980000,0x00000007bf980000,0x00000007c0000000)
 ParOldGen       total 275456K, used 128561K [0x0000000700000000, 0x0000000710d00000, 0x00000007bc400000)
  object space 275456K, 46% used [0x0000000700000000,0x0000000707d8c458,0x0000000710d00000)
 Metaspace       used 76732K, capacity 77449K, committed 77952K, reserved 1116160K
  class space    used 10207K, capacity 10339K, committed 10368K, reserved 1048576K
}
Event: 4131.785 GC heap before
{Heap before GC invocations=697 (full 55):
 PSYoungGen      total 54272K, used 50510K [0x00000007bc400000, 0x00000007c0000000, 0x00000007c0000000)
  eden space 47616K, 100% used [0x00000007bc400000,0x00000007bf280000,0x00000007bf280000)
  from space 6656K, 43% used [0x00000007bf280000,0x00000007bf553b78,0x00000007bf900000)
  to   space 6656K, 0% used [0x00000007bf980000,0x00000007bf980000,0x00000007c0000000)
 ParOldGen       total 275456K, used 128561K [0x0000000700000000, 0x0000000710d00000, 0x00000007bc400000)
  object space 275456K, 46% used [0x0000000700000000,0x0000000707d8c458,0x0000000710d00000)
 Metaspace       used 76738K, capacity 77449K, committed 77952K, reserved 1116160K
  class space    used 10207K, capacity 10339K, committed 10368K, reserved 1048576K
Event: 4131.790 GC heap after
Heap after GC invocations=697 (full 55):
 PSYoungGen      total 55296K, used 3379K [0x00000007bc400000, 0x00000007c0000000, 0x00000007c0000000)
  eden space 48640K, 0% used [0x00000007bc400000,0x00000007bc400000,0x00000007bf380000)
  from space 6656K, 50% used [0x00000007bf980000,0x00000007bfccce50,0x00000007c0000000)
  to   space 6144K, 0% used [0x00000007bf380000,0x00000007bf380000,0x00000007bf980000)
 ParOldGen       total 275456K, used 128569K [0x0000000700000000, 0x0000000710d00000, 0x00000007bc400000)
  object space 275456K, 46% used [0x0000000700000000,0x0000000707d8e458,0x0000000710d00000)
 Metaspace       used 76738K, capacity 77449K, committed 77952K, reserved 1116160K
  class space    used 10207K, capacity 10339K, committed 10368K, reserved 1048576K
}

