# JRE version: Java(TM) SE Runtime Environment (8.0_112-b15) (build 1.8.0_112-b15)
# Java VM: Java HotSpot(TM) 64-Bit Server VM (25.112-b15 mixed mode windows-amd64 compressed oops)
Heap:
 PSYoungGen      total 45056K, used 25345K [0x00000007bc400000, 0x00000007c0000000, 0x00000007c0000000)
  eden space 28672K, 68% used [0x00000007bc400000,0x00000007bd7516b8,0x00000007be000000)
  from space 16384K, 33% used [0x00000007be000000,0x00000007be56f140,0x00000007bf000000)
  to   space 16384K, 0% used [0x00000007bf000000,0x00000007bf000000,0x00000007c0000000)
 ParOldGen       total 160768K, used 94767K [0x0000000700000000, 0x0000000709d00000, 0x00000007bc400000)
  object space 160768K, 58% used [0x0000000700000000,0x0000000705c8bf18,0x0000000709d00000)
 Metaspace       used 71624K, capacity 72313K, committed 73088K, reserved 1112064K
  class space    used 9609K, capacity 9765K, committed 9856K, reserved 1048576K
GC Heap History (10 events):
Event: 4662.555 GC heap before
{Heap before GC invocations=418 (full 23):
 PSYoungGen      total 44032K, used 37364K [0x00000007bc400000, 0x00000007c0000000, 0x00000007c0000000)
  eden space 26624K, 100% used [0x00000007bc400000,0x00000007bde00000,0x00000007bde00000)
  from space 17408K, 61% used [0x00000007bef00000,0x00000007bf97d058,0x00000007c0000000)
  to   space 17408K, 0% used [0x00000007bde00000,0x00000007bde00000,0x00000007bef00000)
 ParOldGen       total 160768K, used 89626K [0x0000000700000000, 0x0000000709d00000, 0x00000007bc400000)
  object space 160768K, 55% used [0x0000000700000000,0x0000000705786948,0x0000000709d00000)
 Metaspace       used 71586K, capacity 72249K, committed 72832K, reserved 1112064K
  class space    used 9609K, capacity 9765K, committed 9856K, reserved 1048576K
Event: 4662.564 GC heap after
Heap after GC invocations=418 (full 23):
 PSYoungGen      total 44032K, used 10724K [0x00000007bc400000, 0x00000007c0000000, 0x00000007c0000000)
  eden space 26624K, 0% used [0x00000007bc400000,0x00000007bc400000,0x00000007bde00000)
  from space 17408K, 61% used [0x00000007bde00000,0x00000007be879178,0x00000007bef00000)
  to   space 16896K, 0% used [0x00000007bef80000,0x00000007bef80000,0x00000007c0000000)
 ParOldGen       total 160768K, used 89690K [0x0000000700000000, 0x0000000709d00000, 0x00000007bc400000)
  object space 160768K, 55% used [0x0000000700000000,0x0000000705796958,0x0000000709d00000)
 Metaspace       used 71586K, capacity 72249K, committed 72832K, reserved 1112064K
  class space    used 9609K, capacity 9765K, committed 9856K, reserved 1048576K
}
Event: 4663.098 GC heap before
{Heap before GC invocations=419 (full 23):
 PSYoungGen      total 44032K, used 37348K [0x00000007bc400000, 0x00000007c0000000, 0x00000007c0000000)
  eden space 26624K, 100% used [0x00000007bc400000,0x00000007bde00000,0x00000007bde00000)
  from space 17408K, 61% used [0x00000007bde00000,0x00000007be879178,0x00000007bef00000)
  to   space 16896K, 0% used [0x00000007bef80000,0x00000007bef80000,0x00000007c0000000)
 ParOldGen       total 160768K, used 89690K [0x0000000700000000, 0x0000000709d00000, 0x00000007bc400000)
  object space 160768K, 55% used [0x0000000700000000,0x0000000705796958,0x0000000709d00000)
 Metaspace       used 71592K, capacity 72249K, committed 72832K, reserved 1112064K
  class space    used 9609K, capacity 9765K, committed 9856K, reserved 1048576K
Event: 4663.108 GC heap after
Heap after GC invocations=419 (full 23):
 PSYoungGen      total 44544K, used 7404K [0x00000007bc400000, 0x00000007c0000000, 0x00000007c0000000)
  eden space 27648K, 0% used [0x00000007bc400000,0x00000007bc400000,0x00000007bdf00000)
  from space 16896K, 43% used [0x00000007bef80000,0x00000007bf6bb020,0x00000007c0000000)
  to   space 16896K, 0% used [0x00000007bdf00000,0x00000007bdf00000,0x00000007bef80000)
 ParOldGen       total 160768K, used 93016K [0x0000000700000000, 0x0000000709d00000, 0x00000007bc400000)
  object space 160768K, 57% used [0x0000000700000000,0x0000000705ad6050,0x0000000709d00000)
 Metaspace       used 71592K, capacity 72249K, committed 72832K, reserved 1112064K
  class space    used 9609K, capacity 9765K, committed 9856K, reserved 1048576K
}
Event: 4669.401 GC heap before
{Heap before GC invocations=420 (full 23):
 PSYoungGen      total 44544K, used 35052K [0x00000007bc400000, 0x00000007c0000000, 0x00000007c0000000)
  eden space 27648K, 100% used [0x00000007bc400000,0x00000007bdf00000,0x00000007bdf00000)
  from space 16896K, 43% used [0x00000007bef80000,0x00000007bf6bb020,0x00000007c0000000)
  to   space 16896K, 0% used [0x00000007bdf00000,0x00000007bdf00000,0x00000007bef80000)
 ParOldGen       total 160768K, used 93016K [0x0000000700000000, 0x0000000709d00000, 0x00000007bc400000)
  object space 160768K, 57% used [0x0000000700000000,0x0000000705ad6050,0x0000000709d00000)
 Metaspace       used 71593K, capacity 72249K, committed 72832K, reserved 1112064K
  class space    used 9609K, capacity 9765K, committed 9856K, reserved 1048576K
Event: 4669.407 GC heap after
Heap after GC invocations=420 (full 23):
 PSYoungGen      total 44544K, used 5804K [0x00000007bc400000, 0x00000007c0000000, 0x00000007c0000000)
  eden space 27648K, 0% used [0x00000007bc400000,0x00000007bc400000,0x00000007bdf00000)
  from space 16896K, 34% used [0x00000007bdf00000,0x00000007be4ab020,0x00000007bef80000)
  to   space 16384K, 0% used [0x00000007bf000000,0x00000007bf000000,0x00000007c0000000)
 ParOldGen       total 160768K, used 94615K [0x0000000700000000, 0x0000000709d00000, 0x00000007bc400000)
  object space 160768K, 58% used [0x0000000700000000,0x0000000705c65f18,0x0000000709d00000)
 Metaspace       used 71593K, capacity 72249K, committed 72832K, reserved 1112064K
  class space    used 9609K, capacity 9765K, committed 9856K, reserved 1048576K
}
Event: 4679.246 GC heap before
{Heap before GC invocations=421 (full 23):
 PSYoungGen      total 44544K, used 33452K [0x00000007bc400000, 0x00000007c0000000, 0x00000007c0000000)
  eden space 27648K, 100% used [0x00000007bc400000,0x00000007bdf00000,0x00000007bdf00000)
  from space 16896K, 34% used [0x00000007bdf00000,0x00000007be4ab020,0x00000007bef80000)
  to   space 16384K, 0% used [0x00000007bf000000,0x00000007bf000000,0x00000007c0000000)
 ParOldGen       total 160768K, used 94615K [0x0000000700000000, 0x0000000709d00000, 0x00000007bc400000)
  object space 160768K, 58% used [0x0000000700000000,0x0000000705c65f18,0x0000000709d00000)
 Metaspace       used 71616K, capacity 72313K, committed 73088K, reserved 1112064K
  class space    used 9609K, capacity 9765K, committed 9856K, reserved 1048576K
Event: 4679.251 GC heap after
Heap after GC invocations=421 (full 23):
 PSYoungGen      total 45056K, used 5836K [0x00000007bc400000, 0x00000007c0000000, 0x00000007c0000000)
  eden space 28672K, 0% used [0x00000007bc400000,0x00000007bc400000,0x00000007be000000)
  from space 16384K, 35% used [0x00000007bf000000,0x00000007bf5b3260,0x00000007c0000000)
  to   space 16384K, 0% used [0x00000007be000000,0x00000007be000000,0x00000007bf000000)
 ParOldGen       total 160768K, used 94647K [0x0000000700000000, 0x0000000709d00000, 0x00000007bc400000)
  object space 160768K, 58% used [0x0000000700000000,0x0000000705c6df18,0x0000000709d00000)
 Metaspace       used 71616K, capacity 72313K, committed 73088K, reserved 1112064K
  class space    used 9609K, capacity 9765K, committed 9856K, reserved 1048576K
}
Event: 4703.767 GC heap before
{Heap before GC invocations=422 (full 23):
 PSYoungGen      total 45056K, used 34508K [0x00000007bc400000, 0x00000007c0000000, 0x00000007c0000000)
  eden space 28672K, 100% used [0x00000007bc400000,0x00000007be000000,0x00000007be000000)
  from space 16384K, 35% used [0x00000007bf000000,0x00000007bf5b3260,0x00000007c0000000)
  to   space 16384K, 0% used [0x00000007be000000,0x00000007be000000,0x00000007bf000000)
 ParOldGen       total 160768K, used 94647K [0x0000000700000000, 0x0000000709d00000, 0x00000007bc400000)
  object space 160768K, 58% used [0x0000000700000000,0x0000000705c6df18,0x0000000709d00000)
 Metaspace       used 71616K, capacity 72313K, committed 73088K, reserved 1112064K
  class space    used 9609K, capacity 9765K, committed 9856K, reserved 1048576K
Event: 4703.772 GC heap after
Heap after GC invocations=422 (full 23):
 PSYoungGen      total 45056K, used 5564K [0x00000007bc400000, 0x00000007c0000000, 0x00000007c0000000)
  eden space 28672K, 0% used [0x00000007bc400000,0x00000007bc400000,0x00000007be000000)
  from space 16384K, 33% used [0x00000007be000000,0x00000007be56f140,0x00000007bf000000)
  to   space 16384K, 0% used [0x00000007bf000000,0x00000007bf000000,0x00000007c0000000)
 ParOldGen       total 160768K, used 94767K [0x0000000700000000, 0x0000000709d00000, 0x00000007bc400000)
  object space 160768K, 58% used [0x0000000700000000,0x0000000705c8bf18,0x0000000709d00000)
 Metaspace       used 71616K, capacity 72313K, committed 73088K, reserved 1112064K
  class space    used 9609K, capacity 9765K, committed 9856K, reserved 1048576K
}

